# JRE version: OpenJDK Runtime Environment (7.0_79-b14) (build 1.7.0_79-b14)
# Java VM: OpenJDK 64-Bit Server VM (24.79-b02 mixed mode linux-amd64 compressed oops)
Heap
 PSYoungGen      total 301056K, used 13792K [0x00000000ec000000, 0x00000000ffc80000, 0x0000000100000000)
  eden space 278016K, 0% used [0x00000000ec000000,0x00000000ec000000,0x00000000fcf80000)
  from space 23040K, 59% used [0x00000000fe600000,0x00000000ff378000,0x00000000ffc80000)
  to   space 9728K, 0% used [0x00000000fcf80000,0x00000000fcf80000,0x00000000fd900000)
 ParOldGen       total 70144K, used 52486K [0x00000000c4000000, 0x00000000c8480000, 0x00000000ec000000)
  object space 70144K, 74% used [0x00000000c4000000,0x00000000c7341940,0x00000000c8480000)
 PSPermGen       total 27648K, used 12165K [0x00000000b9a00000, 0x00000000bb500000, 0x00000000c4000000)
  object space 27648K, 44% used [0x00000000b9a00000,0x00000000ba5e17a8,0x00000000bb500000)
GC Heap History (10 events):
Event: 304,241 GC heap after
Heap after GC invocations=375 (full 2):
 PSYoungGen      total 285696K, used 6144K [0x00000000ec000000, 0x00000000ffe80000, 0x0000000100000000)
  eden space 279552K, 0% used [0x00000000ec000000,0x00000000ec000000,0x00000000fd100000)
  from space 6144K, 100% used [0x00000000fd100000,0x00000000fd700000,0x00000000fd700000)
  to   space 23040K, 0% used [0x00000000fe800000,0x00000000fe800000,0x00000000ffe80000)
 ParOldGen       total 70144K, used 52486K [0x00000000c4000000, 0x00000000c8480000, 0x00000000ec000000)
  object space 70144K, 74% used [0x00000000c4000000,0x00000000c7341940,0x00000000c8480000)
 PSPermGen       total 27648K, used 12165K [0x00000000b9a00000, 0x00000000bb500000, 0x00000000c4000000)
  object space 27648K, 44% used [0x00000000b9a00000,0x00000000ba5e17a8,0x00000000bb500000)
}
Event: 304,930 GC heap before
{Heap before GC invocations=376 (full 2):
 PSYoungGen      total 285696K, used 285696K [0x00000000ec000000, 0x00000000ffe80000, 0x0000000100000000)
  eden space 279552K, 100% used [0x00000000ec000000,0x00000000fd100000,0x00000000fd100000)
  from space 6144K, 100% used [0x00000000fd100000,0x00000000fd700000,0x00000000fd700000)
  to   space 23040K, 0% used [0x00000000fe800000,0x00000000fe800000,0x00000000ffe80000)
 ParOldGen       total 70144K, used 52486K [0x00000000c4000000, 0x00000000c8480000, 0x00000000ec000000)
  object space 70144K, 74% used [0x00000000c4000000,0x00000000c7341940,0x00000000c8480000)
 PSPermGen       total 27648K, used 12165K [0x00000000b9a00000, 0x00000000bb500000, 0x00000000c4000000)
  object space 27648K, 44% used [0x00000000b9a00000,0x00000000ba5e17a8,0x00000000bb500000)
Event: 304,942 GC heap after
Heap after GC invocations=376 (full 2):
 PSYoungGen      total 303104K, used 12096K [0x00000000ec000000, 0x0000000100000000, 0x0000000100000000)
  eden space 280064K, 0% used [0x00000000ec000000,0x00000000ec000000,0x00000000fd180000)
  from space 23040K, 52% used [0x00000000fe800000,0x00000000ff3d0000,0x00000000ffe80000)
  to   space 23040K, 0% used [0x00000000fd180000,0x00000000fd180000,0x00000000fe800000)
 ParOldGen       total 70144K, used 52486K [0x00000000c4000000, 0x00000000c8480000, 0x00000000ec000000)
  object space 70144K, 74% used [0x00000000c4000000,0x00000000c7341940,0x00000000c8480000)
 PSPermGen       total 27648K, used 12165K [0x00000000b9a00000, 0x00000000bb500000, 0x00000000c4000000)
  object space 27648K, 44% used [0x00000000b9a00000,0x00000000ba5e17a8,0x00000000bb500000)
}
Event: 305,863 GC heap before
{Heap before GC invocations=377 (full 2):
 PSYoungGen      total 303104K, used 292160K [0x00000000ec000000, 0x0000000100000000, 0x0000000100000000)
  eden space 280064K, 100% used [0x00000000ec000000,0x00000000fd180000,0x00000000fd180000)
  from space 23040K, 52% used [0x00000000fe800000,0x00000000ff3d0000,0x00000000ffe80000)
  to   space 23040K, 0% used [0x00000000fd180000,0x00000000fd180000,0x00000000fe800000)
 ParOldGen       total 70144K, used 52486K [0x00000000c4000000, 0x00000000c8480000, 0x00000000ec000000)
  object space 70144K, 74% used [0x00000000c4000000,0x00000000c7341940,0x00000000c8480000)
 PSPermGen       total 27648K, used 12165K [0x00000000b9a00000, 0x00000000bb500000, 0x00000000c4000000)
  object space 27648K, 44% used [0x00000000b9a00000,0x00000000ba5e17a8,0x00000000bb500000)
Event: 305,890 GC heap after
Heap after GC invocations=377 (full 2):
 PSYoungGen      total 299008K, used 18560K [0x00000000ec000000, 0x0000000100000000, 0x0000000100000000)
  eden space 280064K, 0% used [0x00000000ec000000,0x00000000ec000000,0x00000000fd180000)
  from space 18944K, 97% used [0x00000000fd180000,0x00000000fe3a0000,0x00000000fe400000)
  to   space 25088K, 0% used [0x00000000fe780000,0x00000000fe780000,0x0000000100000000)
 ParOldGen       total 70144K, used 52486K [0x00000000c4000000, 0x00000000c8480000, 0x00000000ec000000)
  object space 70144K, 74% used [0x00000000c4000000,0x00000000c7341940,0x00000000c8480000)
 PSPermGen       total 27648K, used 12165K [0x00000000b9a00000, 0x00000000bb500000, 0x00000000c4000000)
  object space 27648K, 44% used [0x00000000b9a00000,0x00000000ba5e17a8,0x00000000bb500000)
}
Event: 307,212 GC heap before
{Heap before GC invocations=378 (full 2):
 PSYoungGen      total 299008K, used 298624K [0x00000000ec000000, 0x0000000100000000, 0x0000000100000000)
  eden space 280064K, 100% used [0x00000000ec000000,0x00000000fd180000,0x00000000fd180000)
  from space 18944K, 97% used [0x00000000fd180000,0x00000000fe3a0000,0x00000000fe400000)
  to   space 25088K, 0% used [0x00000000fe780000,0x00000000fe780000,0x0000000100000000)
 ParOldGen       total 70144K, used 52486K [0x00000000c4000000, 0x00000000c8480000, 0x00000000ec000000)
  object space 70144K, 74% used [0x00000000c4000000,0x00000000c7341940,0x00000000c8480000)
 PSPermGen       total 27648K, used 12165K [0x00000000b9a00000, 0x00000000bb500000, 0x00000000c4000000)
  object space 27648K, 44% used [0x00000000b9a00000,0x00000000ba5e17a8,0x00000000bb500000)
Event: 307,217 GC heap after
Heap after GC invocations=378 (full 2):
 PSYoungGen      total 303104K, used 4992K [0x00000000ec000000, 0x0000000100000000, 0x0000000100000000)
  eden space 278016K, 0% used [0x00000000ec000000,0x00000000ec000000,0x00000000fcf80000)
  from space 25088K, 19% used [0x00000000fe780000,0x00000000fec60000,0x0000000100000000)
  to   space 24576K, 0% used [0x00000000fcf80000,0x00000000fcf80000,0x00000000fe780000)
 ParOldGen       total 70144K, used 52486K [0x00000000c4000000, 0x00000000c8480000, 0x00000000ec000000)
  object space 70144K, 74% used [0x00000000c4000000,0x00000000c7341940,0x00000000c8480000)
 PSPermGen       total 27648K, used 12165K [0x00000000b9a00000, 0x00000000bb500000, 0x00000000c4000000)
  object space 27648K, 44% used [0x00000000b9a00000,0x00000000ba5e17a8,0x00000000bb500000)
}
Event: 308,715 GC heap before
{Heap before GC invocations=379 (full 2):
 PSYoungGen      total 303104K, used 283008K [0x00000000ec000000, 0x0000000100000000, 0x0000000100000000)
  eden space 278016K, 100% used [0x00000000ec000000,0x00000000fcf80000,0x00000000fcf80000)
  from space 25088K, 19% used [0x00000000fe780000,0x00000000fec60000,0x0000000100000000)
  to   space 24576K, 0% used [0x00000000fcf80000,0x00000000fcf80000,0x00000000fe780000)
 ParOldGen       total 70144K, used 52486K [0x00000000c4000000, 0x00000000c8480000, 0x00000000ec000000)
  object space 70144K, 74% used [0x00000000c4000000,0x00000000c7341940,0x00000000c8480000)
 PSPermGen       total 27648K, used 12165K [0x00000000b9a00000, 0x00000000bb500000, 0x00000000c4000000)
  object space 27648K, 44% used [0x00000000b9a00000,0x00000000ba5e17a8,0x00000000bb500000)
Event: 311,761 GC heap after
Heap after GC invocations=379 (full 2):
 PSYoungGen      total 287744K, used 9408K [0x00000000ec000000, 0x00000000ffc80000, 0x0000000100000000)
  eden space 278016K, 0% used [0x00000000ec000000,0x00000000ec000000,0x00000000fcf80000)
  from space 9728K, 96% used [0x00000000fcf80000,0x00000000fd8b0000,0x00000000fd900000)
  to   space 23040K, 0% used [0x00000000fe600000,0x00000000fe600000,0x00000000ffc80000)
 ParOldGen       total 70144K, used 52486K [0x00000000c4000000, 0x00000000c8480000, 0x00000000ec000000)
  object space 70144K, 74% used [0x00000000c4000000,0x00000000c7341940,0x00000000c8480000)
 PSPermGen       total 27648K, used 12165K [0x00000000b9a00000, 0x00000000bb500000, 0x00000000c4000000)
  object space 27648K, 44% used [0x00000000b9a00000,0x00000000ba5e17a8,0x00000000bb500000)
}
Event: 315,136 GC heap before
{Heap before GC invocations=380 (full 2):
 PSYoungGen      total 287744K, used 287424K [0x00000000ec000000, 0x00000000ffc80000, 0x0000000100000000)
  eden space 278016K, 100% used [0x00000000ec000000,0x00000000fcf80000,0x00000000fcf80000)
  from space 9728K, 96% used [0x00000000fcf80000,0x00000000fd8b0000,0x00000000fd900000)
  to   space 23040K, 0% used [0x00000000fe600000,0x00000000fe600000,0x00000000ffc80000)
 ParOldGen       total 70144K, used 52486K [0x00000000c4000000, 0x00000000c8480000, 0x00000000ec000000)
  object space 70144K, 74% used [0x00000000c4000000,0x00000000c7341940,0x00000000c8480000)
 PSPermGen       total 27648K, used 12165K [0x00000000b9a00000, 0x00000000bb500000, 0x00000000c4000000)
  object space 27648K, 44% used [0x00000000b9a00000,0x00000000ba5e17a8,0x00000000bb500000)

