# JRE version: OpenJDK Runtime Environment (7.0_79-b14) (build 1.7.0_79-b14)
# Java VM: OpenJDK 64-Bit Server VM (24.79-b02 mixed mode linux-amd64 compressed oops)
Heap
 PSYoungGen      total 51712K, used 2560K [0x00000000ec000000, 0x00000000f0100000, 0x0000000100000000)
  eden space 49152K, 0% used [0x00000000ec000000,0x00000000ec000000,0x00000000ef000000)
  from space 2560K, 100% used [0x00000000efc00000,0x00000000efe80000,0x00000000efe80000)
  to   space 2560K, 0% used [0x00000000efe80000,0x00000000efe80000,0x00000000f0100000)
 ParOldGen       total 92160K, used 74899K [0x00000000c4000000, 0x00000000c9a00000, 0x00000000ec000000)
  object space 92160K, 81% used [0x00000000c4000000,0x00000000c8924e40,0x00000000c9a00000)
 PSPermGen       total 24576K, used 12154K [0x00000000b9a00000, 0x00000000bb200000, 0x00000000c4000000)
  object space 24576K, 49% used [0x00000000b9a00000,0x00000000ba5dead0,0x00000000bb200000)
GC Heap History (10 events):
Event: 3,476 GC heap after
Heap after GC invocations=1 (full 0):
 PSYoungGen      total 17920K, used 2544K [0x00000000ec000000, 0x00000000ee300000, 0x0000000100000000)
  eden space 15360K, 0% used [0x00000000ec000000,0x00000000ec000000,0x00000000ecf00000)
  from space 2560K, 99% used [0x00000000ecf00000,0x00000000ed17c010,0x00000000ed180000)
  to   space 2560K, 0% used [0x00000000ee080000,0x00000000ee080000,0x00000000ee300000)
 ParOldGen       total 40960K, used 10982K [0x00000000c4000000, 0x00000000c6800000, 0x00000000ec000000)
  object space 40960K, 26% used [0x00000000c4000000,0x00000000c4ab99f0,0x00000000c6800000)
 PSPermGen       total 21504K, used 11799K [0x00000000b9a00000, 0x00000000baf00000, 0x00000000c4000000)
  object space 21504K, 54% used [0x00000000b9a00000,0x00000000ba585e78,0x00000000baf00000)
}
Event: 3,612 GC heap before
{Heap before GC invocations=2 (full 0):
 PSYoungGen      total 17920K, used 17904K [0x00000000ec000000, 0x00000000ee300000, 0x0000000100000000)
  eden space 15360K, 100% used [0x00000000ec000000,0x00000000ecf00000,0x00000000ecf00000)
  from space 2560K, 99% used [0x00000000ecf00000,0x00000000ed17c010,0x00000000ed180000)
  to   space 2560K, 0% used [0x00000000ee080000,0x00000000ee080000,0x00000000ee300000)
 ParOldGen       total 40960K, used 10982K [0x00000000c4000000, 0x00000000c6800000, 0x00000000ec000000)
  object space 40960K, 26% used [0x00000000c4000000,0x00000000c4ab99f0,0x00000000c6800000)
 PSPermGen       total 21504K, used 12151K [0x00000000b9a00000, 0x00000000baf00000, 0x00000000c4000000)
  object space 21504K, 56% used [0x00000000b9a00000,0x00000000ba5ddd98,0x00000000baf00000)
Event: 3,672 GC heap after
Heap after GC invocations=2 (full 0):
 PSYoungGen      total 33280K, used 2560K [0x00000000ec000000, 0x00000000ee300000, 0x0000000100000000)
  eden space 30720K, 0% used [0x00000000ec000000,0x00000000ec000000,0x00000000ede00000)
  from space 2560K, 100% used [0x00000000ee080000,0x00000000ee300000,0x00000000ee300000)
  to   space 2560K, 0% used [0x00000000ede00000,0x00000000ede00000,0x00000000ee080000)
 ParOldGen       total 40960K, used 25495K [0x00000000c4000000, 0x00000000c6800000, 0x00000000ec000000)
  object space 40960K, 62% used [0x00000000c4000000,0x00000000c58e5d78,0x00000000c6800000)
 PSPermGen       total 21504K, used 12151K [0x00000000b9a00000, 0x00000000baf00000, 0x00000000c4000000)
  object space 21504K, 56% used [0x00000000b9a00000,0x00000000ba5ddd98,0x00000000baf00000)
}
Event: 3,945 GC heap before
{Heap before GC invocations=3 (full 0):
 PSYoungGen      total 33280K, used 33280K [0x00000000ec000000, 0x00000000ee300000, 0x0000000100000000)
  eden space 30720K, 100% used [0x00000000ec000000,0x00000000ede00000,0x00000000ede00000)
  from space 2560K, 100% used [0x00000000ee080000,0x00000000ee300000,0x00000000ee300000)
  to   space 2560K, 0% used [0x00000000ede00000,0x00000000ede00000,0x00000000ee080000)
 ParOldGen       total 40960K, used 25495K [0x00000000c4000000, 0x00000000c6800000, 0x00000000ec000000)
  object space 40960K, 62% used [0x00000000c4000000,0x00000000c58e5d78,0x00000000c6800000)
 PSPermGen       total 21504K, used 12158K [0x00000000b9a00000, 0x00000000baf00000, 0x00000000c4000000)
  object space 21504K, 56% used [0x00000000b9a00000,0x00000000ba5df840,0x00000000baf00000)
Event: 4,040 GC heap after
Heap after GC invocations=3 (full 0):
 PSYoungGen      total 33280K, used 2560K [0x00000000ec000000, 0x00000000f0100000, 0x0000000100000000)
  eden space 30720K, 0% used [0x00000000ec000000,0x00000000ec000000,0x00000000ede00000)
  from space 2560K, 100% used [0x00000000ede00000,0x00000000ee080000,0x00000000ee080000)
  to   space 2560K, 0% used [0x00000000efe80000,0x00000000efe80000,0x00000000f0100000)
 ParOldGen       total 56832K, used 56247K [0x00000000c4000000, 0x00000000c7780000, 0x00000000ec000000)
  object space 56832K, 98% used [0x00000000c4000000,0x00000000c76edd78,0x00000000c7780000)
 PSPermGen       total 21504K, used 12158K [0x00000000b9a00000, 0x00000000baf00000, 0x00000000c4000000)
  object space 21504K, 56% used [0x00000000b9a00000,0x00000000ba5df840,0x00000000baf00000)
}
Event: 4,040 GC heap before
{Heap before GC invocations=4 (full 1):
 PSYoungGen      total 33280K, used 2560K [0x00000000ec000000, 0x00000000f0100000, 0x0000000100000000)
  eden space 30720K, 0% used [0x00000000ec000000,0x00000000ec000000,0x00000000ede00000)
  from space 2560K, 100% used [0x00000000ede00000,0x00000000ee080000,0x00000000ee080000)
  to   space 2560K, 0% used [0x00000000efe80000,0x00000000efe80000,0x00000000f0100000)
 ParOldGen       total 56832K, used 56247K [0x00000000c4000000, 0x00000000c7780000, 0x00000000ec000000)
  object space 56832K, 98% used [0x00000000c4000000,0x00000000c76edd78,0x00000000c7780000)
 PSPermGen       total 21504K, used 12158K [0x00000000b9a00000, 0x00000000baf00000, 0x00000000c4000000)
  object space 21504K, 56% used [0x00000000b9a00000,0x00000000ba5df840,0x00000000baf00000)
Event: 4,521 GC heap after
Heap after GC invocations=4 (full 1):
 PSYoungGen      total 33280K, used 0K [0x00000000ec000000, 0x00000000f0100000, 0x0000000100000000)
  eden space 30720K, 0% used [0x00000000ec000000,0x00000000ec000000,0x00000000ede00000)
  from space 2560K, 0% used [0x00000000ede00000,0x00000000ede00000,0x00000000ee080000)
  to   space 2560K, 0% used [0x00000000efe80000,0x00000000efe80000,0x00000000f0100000)
 ParOldGen       total 92160K, used 38419K [0x00000000c4000000, 0x00000000c9a00000, 0x00000000ec000000)
  object space 92160K, 41% used [0x00000000c4000000,0x00000000c6584e40,0x00000000c9a00000)
 PSPermGen       total 24576K, used 12154K [0x00000000b9a00000, 0x00000000bb200000, 0x00000000c4000000)
  object space 24576K, 49% used [0x00000000b9a00000,0x00000000ba5dea28,0x00000000bb200000)
}
Event: 4,686 GC heap before
{Heap before GC invocations=5 (full 1):
 PSYoungGen      total 33280K, used 30720K [0x00000000ec000000, 0x00000000f0100000, 0x0000000100000000)
  eden space 30720K, 100% used [0x00000000ec000000,0x00000000ede00000,0x00000000ede00000)
  from space 2560K, 0% used [0x00000000ede00000,0x00000000ede00000,0x00000000ee080000)
  to   space 2560K, 0% used [0x00000000efe80000,0x00000000efe80000,0x00000000f0100000)
 ParOldGen       total 92160K, used 38419K [0x00000000c4000000, 0x00000000c9a00000, 0x00000000ec000000)
  object space 92160K, 41% used [0x00000000c4000000,0x00000000c6584e40,0x00000000c9a00000)
 PSPermGen       total 24576K, used 12154K [0x00000000b9a00000, 0x00000000bb200000, 0x00000000c4000000)
  object space 24576K, 49% used [0x00000000b9a00000,0x00000000ba5dea28,0x00000000bb200000)
Event: 4,704 GC heap after
Heap after GC invocations=5 (full 1):
 PSYoungGen      total 51712K, used 2560K [0x00000000ec000000, 0x00000000f0100000, 0x0000000100000000)
  eden space 49152K, 0% used [0x00000000ec000000,0x00000000ec000000,0x00000000ef000000)
  from space 2560K, 100% used [0x00000000efe80000,0x00000000f0100000,0x00000000f0100000)
  to   space 2560K, 0% used [0x00000000efc00000,0x00000000efc00000,0x00000000efe80000)
 ParOldGen       total 92160K, used 47067K [0x00000000c4000000, 0x00000000c9a00000, 0x00000000ec000000)
  object space 92160K, 51% used [0x00000000c4000000,0x00000000c6df6e40,0x00000000c9a00000)
 PSPermGen       total 24576K, used 12154K [0x00000000b9a00000, 0x00000000bb200000, 0x00000000c4000000)
  object space 24576K, 49% used [0x00000000b9a00000,0x00000000ba5dea28,0x00000000bb200000)
}
Event: 4,875 GC heap before
{Heap before GC invocations=6 (full 1):
 PSYoungGen      total 51712K, used 51712K [0x00000000ec000000, 0x00000000f0100000, 0x0000000100000000)
  eden space 49152K, 100% used [0x00000000ec000000,0x00000000ef000000,0x00000000ef000000)
  from space 2560K, 100% used [0x00000000efe80000,0x00000000f0100000,0x00000000f0100000)
  to   space 2560K, 0% used [0x00000000efc00000,0x00000000efc00000,0x00000000efe80000)
 ParOldGen       total 92160K, used 47067K [0x00000000c4000000, 0x00000000c9a00000, 0x00000000ec000000)
  object space 92160K, 51% used [0x00000000c4000000,0x00000000c6df6e40,0x00000000c9a00000)
 PSPermGen       total 24576K, used 12154K [0x00000000b9a00000, 0x00000000bb200000, 0x00000000c4000000)
  object space 24576K, 49% used [0x00000000b9a00000,0x00000000ba5dead0,0x00000000bb200000)

