# JRE version: OpenJDK Runtime Environment (7.0_79-b14) (build 1.7.0_79-b14)
# Java VM: OpenJDK 64-Bit Server VM (24.79-b02 mixed mode linux-amd64 compressed oops)
Heap
 PSYoungGen      total 126464K, used 704K [0x00000000ec000000, 0x00000000f4000000, 0x0000000100000000)
  eden space 122368K, 0% used [0x00000000ec000000,0x00000000ec000000,0x00000000f3780000)
  from space 4096K, 17% used [0x00000000f3780000,0x00000000f3830000,0x00000000f3b80000)
  to   space 3584K, 0% used [0x00000000f3b80000,0x00000000f3b80000,0x00000000f3f00000)
 ParOldGen       total 40960K, used 2373K [0x00000000c4000000, 0x00000000c6800000, 0x00000000ec000000)
  object space 40960K, 5% used [0x00000000c4000000,0x00000000c42516c8,0x00000000c6800000)
 PSPermGen       total 21504K, used 12188K [0x00000000b9a00000, 0x00000000baf00000, 0x00000000c4000000)
  object space 21504K, 56% used [0x00000000b9a00000,0x00000000ba5e73f8,0x00000000baf00000)
GC Heap History (10 events):
Event: 7,906 GC heap after
Heap after GC invocations=4 (full 0):
 PSYoungGen      total 33280K, used 2048K [0x00000000ec000000, 0x00000000ee300000, 0x0000000100000000)
  eden space 30720K, 0% used [0x00000000ec000000,0x00000000ec000000,0x00000000ede00000)
  from space 2560K, 80% used [0x00000000ee080000,0x00000000ee280000,0x00000000ee300000)
  to   space 2560K, 0% used [0x00000000ede00000,0x00000000ede00000,0x00000000ee080000)
 ParOldGen       total 40960K, used 534K [0x00000000c4000000, 0x00000000c6800000, 0x00000000ec000000)
  object space 40960K, 1% used [0x00000000c4000000,0x00000000c40859a0,0x00000000c6800000)
 PSPermGen       total 21504K, used 12175K [0x00000000b9a00000, 0x00000000baf00000, 0x00000000c4000000)
  object space 21504K, 56% used [0x00000000b9a00000,0x00000000ba5e3fe8,0x00000000baf00000)
}
Event: 8,041 GC heap before
{Heap before GC invocations=5 (full 0):
 PSYoungGen      total 33280K, used 32768K [0x00000000ec000000, 0x00000000ee300000, 0x0000000100000000)
  eden space 30720K, 100% used [0x00000000ec000000,0x00000000ede00000,0x00000000ede00000)
  from space 2560K, 80% used [0x00000000ee080000,0x00000000ee280000,0x00000000ee300000)
  to   space 2560K, 0% used [0x00000000ede00000,0x00000000ede00000,0x00000000ee080000)
 ParOldGen       total 40960K, used 534K [0x00000000c4000000, 0x00000000c6800000, 0x00000000ec000000)
  object space 40960K, 1% used [0x00000000c4000000,0x00000000c40859a0,0x00000000c6800000)
 PSPermGen       total 21504K, used 12176K [0x00000000b9a00000, 0x00000000baf00000, 0x00000000c4000000)
  object space 21504K, 56% used [0x00000000b9a00000,0x00000000ba5e40f8,0x00000000baf00000)
Event: 8,047 GC heap after
Heap after GC invocations=5 (full 0):
 PSYoungGen      total 33280K, used 2544K [0x00000000ec000000, 0x00000000f0300000, 0x0000000100000000)
  eden space 30720K, 0% used [0x00000000ec000000,0x00000000ec000000,0x00000000ede00000)
  from space 2560K, 99% used [0x00000000ede00000,0x00000000ee07c010,0x00000000ee080000)
  to   space 3584K, 0% used [0x00000000eff80000,0x00000000eff80000,0x00000000f0300000)
 ParOldGen       total 40960K, used 630K [0x00000000c4000000, 0x00000000c6800000, 0x00000000ec000000)
  object space 40960K, 1% used [0x00000000c4000000,0x00000000c409d9a0,0x00000000c6800000)
 PSPermGen       total 21504K, used 12176K [0x00000000b9a00000, 0x00000000baf00000, 0x00000000c4000000)
  object space 21504K, 56% used [0x00000000b9a00000,0x00000000ba5e40f8,0x00000000baf00000)
}
Event: 8,178 GC heap before
{Heap before GC invocations=6 (full 0):
 PSYoungGen      total 33280K, used 33264K [0x00000000ec000000, 0x00000000f0300000, 0x0000000100000000)
  eden space 30720K, 100% used [0x00000000ec000000,0x00000000ede00000,0x00000000ede00000)
  from space 2560K, 99% used [0x00000000ede00000,0x00000000ee07c010,0x00000000ee080000)
  to   space 3584K, 0% used [0x00000000eff80000,0x00000000eff80000,0x00000000f0300000)
 ParOldGen       total 40960K, used 630K [0x00000000c4000000, 0x00000000c6800000, 0x00000000ec000000)
  object space 40960K, 1% used [0x00000000c4000000,0x00000000c409d9a0,0x00000000c6800000)
 PSPermGen       total 21504K, used 12176K [0x00000000b9a00000, 0x00000000baf00000, 0x00000000c4000000)
  object space 21504K, 56% used [0x00000000b9a00000,0x00000000ba5e41a0,0x00000000baf00000)
Event: 8,191 GC heap after
Heap after GC invocations=6 (full 0):
 PSYoungGen      total 65024K, used 2560K [0x00000000ec000000, 0x00000000f0300000, 0x0000000100000000)
  eden space 61440K, 0% used [0x00000000ec000000,0x00000000ec000000,0x00000000efc00000)
  from space 3584K, 71% used [0x00000000eff80000,0x00000000f0200020,0x00000000f0300000)
  to   space 3584K, 0% used [0x00000000efc00000,0x00000000efc00000,0x00000000eff80000)
 ParOldGen       total 40960K, used 630K [0x00000000c4000000, 0x00000000c6800000, 0x00000000ec000000)
  object space 40960K, 1% used [0x00000000c4000000,0x00000000c409d9a0,0x00000000c6800000)
 PSPermGen       total 21504K, used 12176K [0x00000000b9a00000, 0x00000000baf00000, 0x00000000c4000000)
  object space 21504K, 56% used [0x00000000b9a00000,0x00000000ba5e41a0,0x00000000baf00000)
}
Event: 8,488 GC heap before
{Heap before GC invocations=7 (full 0):
 PSYoungGen      total 65024K, used 64000K [0x00000000ec000000, 0x00000000f0300000, 0x0000000100000000)
  eden space 61440K, 100% used [0x00000000ec000000,0x00000000efc00000,0x00000000efc00000)
  from space 3584K, 71% used [0x00000000eff80000,0x00000000f0200020,0x00000000f0300000)
  to   space 3584K, 0% used [0x00000000efc00000,0x00000000efc00000,0x00000000eff80000)
 ParOldGen       total 40960K, used 630K [0x00000000c4000000, 0x00000000c6800000, 0x00000000ec000000)
  object space 40960K, 1% used [0x00000000c4000000,0x00000000c409d9a0,0x00000000c6800000)
 PSPermGen       total 21504K, used 12180K [0x00000000b9a00000, 0x00000000baf00000, 0x00000000c4000000)
  object space 21504K, 56% used [0x00000000b9a00000,0x00000000ba5e50b0,0x00000000baf00000)
Event: 8,515 GC heap after
Heap after GC invocations=7 (full 0):
 PSYoungGen      total 65024K, used 416K [0x00000000ec000000, 0x00000000f3f00000, 0x0000000100000000)
  eden space 61440K, 0% used [0x00000000ec000000,0x00000000ec000000,0x00000000efc00000)
  from space 3584K, 11% used [0x00000000efc00000,0x00000000efc68000,0x00000000eff80000)
  to   space 3584K, 0% used [0x00000000f3b80000,0x00000000f3b80000,0x00000000f3f00000)
 ParOldGen       total 40960K, used 2365K [0x00000000c4000000, 0x00000000c6800000, 0x00000000ec000000)
  object space 40960K, 5% used [0x00000000c4000000,0x00000000c424f6c8,0x00000000c6800000)
 PSPermGen       total 21504K, used 12180K [0x00000000b9a00000, 0x00000000baf00000, 0x00000000c4000000)
  object space 21504K, 56% used [0x00000000b9a00000,0x00000000ba5e50b0,0x00000000baf00000)
}
Event: 8,757 GC heap before
{Heap before GC invocations=8 (full 0):
 PSYoungGen      total 65024K, used 61856K [0x00000000ec000000, 0x00000000f3f00000, 0x0000000100000000)
  eden space 61440K, 100% used [0x00000000ec000000,0x00000000efc00000,0x00000000efc00000)
  from space 3584K, 11% used [0x00000000efc00000,0x00000000efc68000,0x00000000eff80000)
  to   space 3584K, 0% used [0x00000000f3b80000,0x00000000f3b80000,0x00000000f3f00000)
 ParOldGen       total 40960K, used 2365K [0x00000000c4000000, 0x00000000c6800000, 0x00000000ec000000)
  object space 40960K, 5% used [0x00000000c4000000,0x00000000c424f6c8,0x00000000c6800000)
 PSPermGen       total 21504K, used 12183K [0x00000000b9a00000, 0x00000000baf00000, 0x00000000c4000000)
  object space 21504K, 56% used [0x00000000b9a00000,0x00000000ba5e5ca0,0x00000000baf00000)
Event: 8,761 GC heap after
Heap after GC invocations=8 (full 0):
 PSYoungGen      total 125952K, used 832K [0x00000000ec000000, 0x00000000f4000000, 0x0000000100000000)
  eden space 122368K, 0% used [0x00000000ec000000,0x00000000ec000000,0x00000000f3780000)
  from space 3584K, 23% used [0x00000000f3b80000,0x00000000f3c50000,0x00000000f3f00000)
  to   space 4096K, 0% used [0x00000000f3780000,0x00000000f3780000,0x00000000f3b80000)
 ParOldGen       total 40960K, used 2373K [0x00000000c4000000, 0x00000000c6800000, 0x00000000ec000000)
  object space 40960K, 5% used [0x00000000c4000000,0x00000000c42516c8,0x00000000c6800000)
 PSPermGen       total 21504K, used 12183K [0x00000000b9a00000, 0x00000000baf00000, 0x00000000c4000000)
  object space 21504K, 56% used [0x00000000b9a00000,0x00000000ba5e5ca0,0x00000000baf00000)
}
Event: 10,573 GC heap before
{Heap before GC invocations=9 (full 0):
 PSYoungGen      total 125952K, used 123200K [0x00000000ec000000, 0x00000000f4000000, 0x0000000100000000)
  eden space 122368K, 100% used [0x00000000ec000000,0x00000000f3780000,0x00000000f3780000)
  from space 3584K, 23% used [0x00000000f3b80000,0x00000000f3c50000,0x00000000f3f00000)
  to   space 4096K, 0% used [0x00000000f3780000,0x00000000f3780000,0x00000000f3b80000)
 ParOldGen       total 40960K, used 2373K [0x00000000c4000000, 0x00000000c6800000, 0x00000000ec000000)
  object space 40960K, 5% used [0x00000000c4000000,0x00000000c42516c8,0x00000000c6800000)
 PSPermGen       total 21504K, used 12188K [0x00000000b9a00000, 0x00000000baf00000, 0x00000000c4000000)
  object space 21504K, 56% used [0x00000000b9a00000,0x00000000ba5e73f8,0x00000000baf00000)

