# JRE version: OpenJDK Runtime Environment (7.0_79-b14) (build 1.7.0_79-b14)
# Java VM: OpenJDK 64-Bit Server VM (24.79-b02 mixed mode linux-amd64 compressed oops)
Heap
 PSYoungGen      total 125952K, used 384K [0x00000000ec000000, 0x00000000f3f00000, 0x0000000100000000)
  eden space 122368K, 0% used [0x00000000ec000000,0x00000000ec000000,0x00000000f3780000)
  from space 3584K, 10% used [0x00000000f3780000,0x00000000f37e0000,0x00000000f3b00000)
  to   space 3072K, 0% used [0x00000000f3b00000,0x00000000f3b00000,0x00000000f3e00000)
 ParOldGen       total 40960K, used 1963K [0x00000000c4000000, 0x00000000c6800000, 0x00000000ec000000)
  object space 40960K, 4% used [0x00000000c4000000,0x00000000c41ead68,0x00000000c6800000)
 PSPermGen       total 21504K, used 12171K [0x00000000b9a00000, 0x00000000baf00000, 0x00000000c4000000)
  object space 21504K, 56% used [0x00000000b9a00000,0x00000000ba5e2e48,0x00000000baf00000)
GC Heap History (10 events):
Event: 7,982 GC heap after
Heap after GC invocations=4 (full 0):
 PSYoungGen      total 33280K, used 2436K [0x00000000ec000000, 0x00000000ee300000, 0x0000000100000000)
  eden space 30720K, 0% used [0x00000000ec000000,0x00000000ec000000,0x00000000ede00000)
  from space 2560K, 95% used [0x00000000ee080000,0x00000000ee2e1040,0x00000000ee300000)
  to   space 2560K, 0% used [0x00000000ede00000,0x00000000ede00000,0x00000000ee080000)
 ParOldGen       total 40960K, used 8K [0x00000000c4000000, 0x00000000c6800000, 0x00000000ec000000)
  object space 40960K, 0% used [0x00000000c4000000,0x00000000c4002000,0x00000000c6800000)
 PSPermGen       total 21504K, used 12166K [0x00000000b9a00000, 0x00000000baf00000, 0x00000000c4000000)
  object space 21504K, 56% used [0x00000000b9a00000,0x00000000ba5e1b30,0x00000000baf00000)
}
Event: 8,178 GC heap before
{Heap before GC invocations=5 (full 0):
 PSYoungGen      total 33280K, used 33156K [0x00000000ec000000, 0x00000000ee300000, 0x0000000100000000)
  eden space 30720K, 100% used [0x00000000ec000000,0x00000000ede00000,0x00000000ede00000)
  from space 2560K, 95% used [0x00000000ee080000,0x00000000ee2e1040,0x00000000ee300000)
  to   space 2560K, 0% used [0x00000000ede00000,0x00000000ede00000,0x00000000ee080000)
 ParOldGen       total 40960K, used 8K [0x00000000c4000000, 0x00000000c6800000, 0x00000000ec000000)
  object space 40960K, 0% used [0x00000000c4000000,0x00000000c4002000,0x00000000c6800000)
 PSPermGen       total 21504K, used 12167K [0x00000000b9a00000, 0x00000000baf00000, 0x00000000c4000000)
  object space 21504K, 56% used [0x00000000b9a00000,0x00000000ba5e1d08,0x00000000baf00000)
Event: 8,196 GC heap after
Heap after GC invocations=5 (full 0):
 PSYoungGen      total 33280K, used 2132K [0x00000000ec000000, 0x00000000f0100000, 0x0000000100000000)
  eden space 30720K, 0% used [0x00000000ec000000,0x00000000ec000000,0x00000000ede00000)
  from space 2560K, 83% used [0x00000000ede00000,0x00000000ee015050,0x00000000ee080000)
  to   space 2560K, 0% used [0x00000000efe80000,0x00000000efe80000,0x00000000f0100000)
 ParOldGen       total 40960K, used 8K [0x00000000c4000000, 0x00000000c6800000, 0x00000000ec000000)
  object space 40960K, 0% used [0x00000000c4000000,0x00000000c4002000,0x00000000c6800000)
 PSPermGen       total 21504K, used 12167K [0x00000000b9a00000, 0x00000000baf00000, 0x00000000c4000000)
  object space 21504K, 56% used [0x00000000b9a00000,0x00000000ba5e1d08,0x00000000baf00000)
}
Event: 8,343 GC heap before
{Heap before GC invocations=6 (full 0):
 PSYoungGen      total 33280K, used 32852K [0x00000000ec000000, 0x00000000f0100000, 0x0000000100000000)
  eden space 30720K, 100% used [0x00000000ec000000,0x00000000ede00000,0x00000000ede00000)
  from space 2560K, 83% used [0x00000000ede00000,0x00000000ee015050,0x00000000ee080000)
  to   space 2560K, 0% used [0x00000000efe80000,0x00000000efe80000,0x00000000f0100000)
 ParOldGen       total 40960K, used 8K [0x00000000c4000000, 0x00000000c6800000, 0x00000000ec000000)
  object space 40960K, 0% used [0x00000000c4000000,0x00000000c4002000,0x00000000c6800000)
 PSPermGen       total 21504K, used 12167K [0x00000000b9a00000, 0x00000000baf00000, 0x00000000c4000000)
  object space 21504K, 56% used [0x00000000b9a00000,0x00000000ba5e1d08,0x00000000baf00000)
Event: 8,348 GC heap after
Heap after GC invocations=6 (full 0):
 PSYoungGen      total 64000K, used 2290K [0x00000000ec000000, 0x00000000f0100000, 0x0000000100000000)
  eden space 61440K, 0% used [0x00000000ec000000,0x00000000ec000000,0x00000000efc00000)
  from space 2560K, 89% used [0x00000000efe80000,0x00000000f00bc820,0x00000000f0100000)
  to   space 2560K, 0% used [0x00000000efc00000,0x00000000efc00000,0x00000000efe80000)
 ParOldGen       total 40960K, used 8K [0x00000000c4000000, 0x00000000c6800000, 0x00000000ec000000)
  object space 40960K, 0% used [0x00000000c4000000,0x00000000c4002000,0x00000000c6800000)
 PSPermGen       total 21504K, used 12167K [0x00000000b9a00000, 0x00000000baf00000, 0x00000000c4000000)
  object space 21504K, 56% used [0x00000000b9a00000,0x00000000ba5e1d08,0x00000000baf00000)
}
Event: 8,648 GC heap before
{Heap before GC invocations=7 (full 0):
 PSYoungGen      total 64000K, used 63730K [0x00000000ec000000, 0x00000000f0100000, 0x0000000100000000)
  eden space 61440K, 100% used [0x00000000ec000000,0x00000000efc00000,0x00000000efc00000)
  from space 2560K, 89% used [0x00000000efe80000,0x00000000f00bc820,0x00000000f0100000)
  to   space 2560K, 0% used [0x00000000efc00000,0x00000000efc00000,0x00000000efe80000)
 ParOldGen       total 40960K, used 8K [0x00000000c4000000, 0x00000000c6800000, 0x00000000ec000000)
  object space 40960K, 0% used [0x00000000c4000000,0x00000000c4002000,0x00000000c6800000)
 PSPermGen       total 21504K, used 12168K [0x00000000b9a00000, 0x00000000baf00000, 0x00000000c4000000)
  object space 21504K, 56% used [0x00000000b9a00000,0x00000000ba5e2218,0x00000000baf00000)
Event: 8,656 GC heap after
Heap after GC invocations=7 (full 0):
 PSYoungGen      total 64000K, used 96K [0x00000000ec000000, 0x00000000f3e00000, 0x0000000100000000)
  eden space 61440K, 0% used [0x00000000ec000000,0x00000000ec000000,0x00000000efc00000)
  from space 2560K, 3% used [0x00000000efc00000,0x00000000efc18000,0x00000000efe80000)
  to   space 3072K, 0% used [0x00000000f3b00000,0x00000000f3b00000,0x00000000f3e00000)
 ParOldGen       total 40960K, used 1947K [0x00000000c4000000, 0x00000000c6800000, 0x00000000ec000000)
  object space 40960K, 4% used [0x00000000c4000000,0x00000000c41e6d68,0x00000000c6800000)
 PSPermGen       total 21504K, used 12168K [0x00000000b9a00000, 0x00000000baf00000, 0x00000000c4000000)
  object space 21504K, 56% used [0x00000000b9a00000,0x00000000ba5e2218,0x00000000baf00000)
}
Event: 8,909 GC heap before
{Heap before GC invocations=8 (full 0):
 PSYoungGen      total 64000K, used 61536K [0x00000000ec000000, 0x00000000f3e00000, 0x0000000100000000)
  eden space 61440K, 100% used [0x00000000ec000000,0x00000000efc00000,0x00000000efc00000)
  from space 2560K, 3% used [0x00000000efc00000,0x00000000efc18000,0x00000000efe80000)
  to   space 3072K, 0% used [0x00000000f3b00000,0x00000000f3b00000,0x00000000f3e00000)
 ParOldGen       total 40960K, used 1947K [0x00000000c4000000, 0x00000000c6800000, 0x00000000ec000000)
  object space 40960K, 4% used [0x00000000c4000000,0x00000000c41e6d68,0x00000000c6800000)
 PSPermGen       total 21504K, used 12169K [0x00000000b9a00000, 0x00000000baf00000, 0x00000000c4000000)
  object space 21504K, 56% used [0x00000000b9a00000,0x00000000ba5e2630,0x00000000baf00000)
Event: 8,911 GC heap after
Heap after GC invocations=8 (full 0):
 PSYoungGen      total 125440K, used 288K [0x00000000ec000000, 0x00000000f3f00000, 0x0000000100000000)
  eden space 122368K, 0% used [0x00000000ec000000,0x00000000ec000000,0x00000000f3780000)
  from space 3072K, 9% used [0x00000000f3b00000,0x00000000f3b48000,0x00000000f3e00000)
  to   space 3584K, 0% used [0x00000000f3780000,0x00000000f3780000,0x00000000f3b00000)
 ParOldGen       total 40960K, used 1955K [0x00000000c4000000, 0x00000000c6800000, 0x00000000ec000000)
  object space 40960K, 4% used [0x00000000c4000000,0x00000000c41e8d68,0x00000000c6800000)
 PSPermGen       total 21504K, used 12169K [0x00000000b9a00000, 0x00000000baf00000, 0x00000000c4000000)
  object space 21504K, 56% used [0x00000000b9a00000,0x00000000ba5e2630,0x00000000baf00000)
}
Event: 9,499 GC heap before
{Heap before GC invocations=9 (full 0):
 PSYoungGen      total 125440K, used 122656K [0x00000000ec000000, 0x00000000f3f00000, 0x0000000100000000)
  eden space 122368K, 100% used [0x00000000ec000000,0x00000000f3780000,0x00000000f3780000)
  from space 3072K, 9% used [0x00000000f3b00000,0x00000000f3b48000,0x00000000f3e00000)
  to   space 3584K, 0% used [0x00000000f3780000,0x00000000f3780000,0x00000000f3b00000)
 ParOldGen       total 40960K, used 1955K [0x00000000c4000000, 0x00000000c6800000, 0x00000000ec000000)
  object space 40960K, 4% used [0x00000000c4000000,0x00000000c41e8d68,0x00000000c6800000)
 PSPermGen       total 21504K, used 12171K [0x00000000b9a00000, 0x00000000baf00000, 0x00000000c4000000)
  object space 21504K, 56% used [0x00000000b9a00000,0x00000000ba5e2e48,0x00000000baf00000)

