# JRE version: OpenJDK Runtime Environment (7.0_79-b14) (build 1.7.0_79-b14)
# Java VM: OpenJDK 64-Bit Server VM (24.79-b02 mixed mode linux-amd64 compressed oops)
Heap
 PSYoungGen      total 125952K, used 192K [0x00000000ec000000, 0x00000000f3f00000, 0x0000000100000000)
  eden space 122368K, 0% used [0x00000000ec000000,0x00000000ec000000,0x00000000f3780000)
  from space 3584K, 5% used [0x00000000f3780000,0x00000000f37b0000,0x00000000f3b00000)
  to   space 3072K, 0% used [0x00000000f3b00000,0x00000000f3b00000,0x00000000f3e00000)
 ParOldGen       total 40960K, used 1951K [0x00000000c4000000, 0x00000000c6800000, 0x00000000ec000000)
  object space 40960K, 4% used [0x00000000c4000000,0x00000000c41e7ec8,0x00000000c6800000)
 PSPermGen       total 21504K, used 12183K [0x00000000b9a00000, 0x00000000baf00000, 0x00000000c4000000)
  object space 21504K, 56% used [0x00000000b9a00000,0x00000000ba5e5ea8,0x00000000baf00000)
GC Heap History (10 events):
Event: 5,216 GC heap after
Heap after GC invocations=4 (full 0):
 PSYoungGen      total 33280K, used 2244K [0x00000000ec000000, 0x00000000ee300000, 0x0000000100000000)
  eden space 30720K, 0% used [0x00000000ec000000,0x00000000ec000000,0x00000000ede00000)
  from space 2560K, 87% used [0x00000000ee080000,0x00000000ee2b1040,0x00000000ee300000)
  to   space 2560K, 0% used [0x00000000ede00000,0x00000000ede00000,0x00000000ee080000)
 ParOldGen       total 40960K, used 8K [0x00000000c4000000, 0x00000000c6800000, 0x00000000ec000000)
  object space 40960K, 0% used [0x00000000c4000000,0x00000000c4002000,0x00000000c6800000)
 PSPermGen       total 21504K, used 12178K [0x00000000b9a00000, 0x00000000baf00000, 0x00000000c4000000)
  object space 21504K, 56% used [0x00000000b9a00000,0x00000000ba5e4938,0x00000000baf00000)
}
Event: 5,427 GC heap before
{Heap before GC invocations=5 (full 0):
 PSYoungGen      total 33280K, used 32964K [0x00000000ec000000, 0x00000000ee300000, 0x0000000100000000)
  eden space 30720K, 100% used [0x00000000ec000000,0x00000000ede00000,0x00000000ede00000)
  from space 2560K, 87% used [0x00000000ee080000,0x00000000ee2b1040,0x00000000ee300000)
  to   space 2560K, 0% used [0x00000000ede00000,0x00000000ede00000,0x00000000ee080000)
 ParOldGen       total 40960K, used 8K [0x00000000c4000000, 0x00000000c6800000, 0x00000000ec000000)
  object space 40960K, 0% used [0x00000000c4000000,0x00000000c4002000,0x00000000c6800000)
 PSPermGen       total 21504K, used 12179K [0x00000000b9a00000, 0x00000000baf00000, 0x00000000c4000000)
  object space 21504K, 56% used [0x00000000b9a00000,0x00000000ba5e4d88,0x00000000baf00000)
Event: 5,437 GC heap after
Heap after GC invocations=5 (full 0):
 PSYoungGen      total 33280K, used 2468K [0x00000000ec000000, 0x00000000f0100000, 0x0000000100000000)
  eden space 30720K, 0% used [0x00000000ec000000,0x00000000ec000000,0x00000000ede00000)
  from space 2560K, 96% used [0x00000000ede00000,0x00000000ee069040,0x00000000ee080000)
  to   space 2560K, 0% used [0x00000000efe80000,0x00000000efe80000,0x00000000f0100000)
 ParOldGen       total 40960K, used 8K [0x00000000c4000000, 0x00000000c6800000, 0x00000000ec000000)
  object space 40960K, 0% used [0x00000000c4000000,0x00000000c4002000,0x00000000c6800000)
 PSPermGen       total 21504K, used 12179K [0x00000000b9a00000, 0x00000000baf00000, 0x00000000c4000000)
  object space 21504K, 56% used [0x00000000b9a00000,0x00000000ba5e4d88,0x00000000baf00000)
}
Event: 5,557 GC heap before
{Heap before GC invocations=6 (full 0):
 PSYoungGen      total 33280K, used 33188K [0x00000000ec000000, 0x00000000f0100000, 0x0000000100000000)
  eden space 30720K, 100% used [0x00000000ec000000,0x00000000ede00000,0x00000000ede00000)
  from space 2560K, 96% used [0x00000000ede00000,0x00000000ee069040,0x00000000ee080000)
  to   space 2560K, 0% used [0x00000000efe80000,0x00000000efe80000,0x00000000f0100000)
 ParOldGen       total 40960K, used 8K [0x00000000c4000000, 0x00000000c6800000, 0x00000000ec000000)
  object space 40960K, 0% used [0x00000000c4000000,0x00000000c4002000,0x00000000c6800000)
 PSPermGen       total 21504K, used 12179K [0x00000000b9a00000, 0x00000000baf00000, 0x00000000c4000000)
  object space 21504K, 56% used [0x00000000b9a00000,0x00000000ba5e4f28,0x00000000baf00000)
Event: 5,562 GC heap after
Heap after GC invocations=6 (full 0):
 PSYoungGen      total 64000K, used 2130K [0x00000000ec000000, 0x00000000f0100000, 0x0000000100000000)
  eden space 61440K, 0% used [0x00000000ec000000,0x00000000ec000000,0x00000000efc00000)
  from space 2560K, 83% used [0x00000000efe80000,0x00000000f0094820,0x00000000f0100000)
  to   space 2560K, 0% used [0x00000000efc00000,0x00000000efc00000,0x00000000efe80000)
 ParOldGen       total 40960K, used 8K [0x00000000c4000000, 0x00000000c6800000, 0x00000000ec000000)
  object space 40960K, 0% used [0x00000000c4000000,0x00000000c4002000,0x00000000c6800000)
 PSPermGen       total 21504K, used 12179K [0x00000000b9a00000, 0x00000000baf00000, 0x00000000c4000000)
  object space 21504K, 56% used [0x00000000b9a00000,0x00000000ba5e4f28,0x00000000baf00000)
}
Event: 5,864 GC heap before
{Heap before GC invocations=7 (full 0):
 PSYoungGen      total 64000K, used 63570K [0x00000000ec000000, 0x00000000f0100000, 0x0000000100000000)
  eden space 61440K, 100% used [0x00000000ec000000,0x00000000efc00000,0x00000000efc00000)
  from space 2560K, 83% used [0x00000000efe80000,0x00000000f0094820,0x00000000f0100000)
  to   space 2560K, 0% used [0x00000000efc00000,0x00000000efc00000,0x00000000efe80000)
 ParOldGen       total 40960K, used 8K [0x00000000c4000000, 0x00000000c6800000, 0x00000000ec000000)
  object space 40960K, 0% used [0x00000000c4000000,0x00000000c4002000,0x00000000c6800000)
 PSPermGen       total 21504K, used 12181K [0x00000000b9a00000, 0x00000000baf00000, 0x00000000c4000000)
  object space 21504K, 56% used [0x00000000b9a00000,0x00000000ba5e5630,0x00000000baf00000)
Event: 5,877 GC heap after
Heap after GC invocations=7 (full 0):
 PSYoungGen      total 64000K, used 416K [0x00000000ec000000, 0x00000000f3e00000, 0x0000000100000000)
  eden space 61440K, 0% used [0x00000000ec000000,0x00000000ec000000,0x00000000efc00000)
  from space 2560K, 16% used [0x00000000efc00000,0x00000000efc68000,0x00000000efe80000)
  to   space 3072K, 0% used [0x00000000f3b00000,0x00000000f3b00000,0x00000000f3e00000)
 ParOldGen       total 40960K, used 1943K [0x00000000c4000000, 0x00000000c6800000, 0x00000000ec000000)
  object space 40960K, 4% used [0x00000000c4000000,0x00000000c41e5ec8,0x00000000c6800000)
 PSPermGen       total 21504K, used 12181K [0x00000000b9a00000, 0x00000000baf00000, 0x00000000c4000000)
  object space 21504K, 56% used [0x00000000b9a00000,0x00000000ba5e5630,0x00000000baf00000)
}
Event: 6,126 GC heap before
{Heap before GC invocations=8 (full 0):
 PSYoungGen      total 64000K, used 61856K [0x00000000ec000000, 0x00000000f3e00000, 0x0000000100000000)
  eden space 61440K, 100% used [0x00000000ec000000,0x00000000efc00000,0x00000000efc00000)
  from space 2560K, 16% used [0x00000000efc00000,0x00000000efc68000,0x00000000efe80000)
  to   space 3072K, 0% used [0x00000000f3b00000,0x00000000f3b00000,0x00000000f3e00000)
 ParOldGen       total 40960K, used 1943K [0x00000000c4000000, 0x00000000c6800000, 0x00000000ec000000)
  object space 40960K, 4% used [0x00000000c4000000,0x00000000c41e5ec8,0x00000000c6800000)
 PSPermGen       total 21504K, used 12182K [0x00000000b9a00000, 0x00000000baf00000, 0x00000000c4000000)
  object space 21504K, 56% used [0x00000000b9a00000,0x00000000ba5e5818,0x00000000baf00000)
Event: 6,127 GC heap after
Heap after GC invocations=8 (full 0):
 PSYoungGen      total 125440K, used 192K [0x00000000ec000000, 0x00000000f3f00000, 0x0000000100000000)
  eden space 122368K, 0% used [0x00000000ec000000,0x00000000ec000000,0x00000000f3780000)
  from space 3072K, 6% used [0x00000000f3b00000,0x00000000f3b30000,0x00000000f3e00000)
  to   space 3584K, 0% used [0x00000000f3780000,0x00000000f3780000,0x00000000f3b00000)
 ParOldGen       total 40960K, used 1943K [0x00000000c4000000, 0x00000000c6800000, 0x00000000ec000000)
  object space 40960K, 4% used [0x00000000c4000000,0x00000000c41e5ec8,0x00000000c6800000)
 PSPermGen       total 21504K, used 12182K [0x00000000b9a00000, 0x00000000baf00000, 0x00000000c4000000)
  object space 21504K, 56% used [0x00000000b9a00000,0x00000000ba5e5818,0x00000000baf00000)
}
Event: 6,717 GC heap before
{Heap before GC invocations=9 (full 0):
 PSYoungGen      total 125440K, used 122560K [0x00000000ec000000, 0x00000000f3f00000, 0x0000000100000000)
  eden space 122368K, 100% used [0x00000000ec000000,0x00000000f3780000,0x00000000f3780000)
  from space 3072K, 6% used [0x00000000f3b00000,0x00000000f3b30000,0x00000000f3e00000)
  to   space 3584K, 0% used [0x00000000f3780000,0x00000000f3780000,0x00000000f3b00000)
 ParOldGen       total 40960K, used 1943K [0x00000000c4000000, 0x00000000c6800000, 0x00000000ec000000)
  object space 40960K, 4% used [0x00000000c4000000,0x00000000c41e5ec8,0x00000000c6800000)
 PSPermGen       total 21504K, used 12183K [0x00000000b9a00000, 0x00000000baf00000, 0x00000000c4000000)
  object space 21504K, 56% used [0x00000000b9a00000,0x00000000ba5e5ea8,0x00000000baf00000)

