# JRE version: OpenJDK Runtime Environment (7.0_79-b14) (build 1.7.0_79-b14)
# Java VM: OpenJDK 64-Bit Server VM (24.79-b02 mixed mode linux-amd64 compressed oops)
Heap
 PSYoungGen      total 126464K, used 736K [0x00000000ec000000, 0x00000000f4000000, 0x0000000100000000)
  eden space 122368K, 0% used [0x00000000ec000000,0x00000000ec000000,0x00000000f3780000)
  from space 4096K, 17% used [0x00000000f3780000,0x00000000f3838000,0x00000000f3b80000)
  to   space 3584K, 0% used [0x00000000f3b80000,0x00000000f3b80000,0x00000000f3f00000)
 ParOldGen       total 40960K, used 2594K [0x00000000c4000000, 0x00000000c6800000, 0x00000000ec000000)
  object space 40960K, 6% used [0x00000000c4000000,0x00000000c4288a50,0x00000000c6800000)
 PSPermGen       total 21504K, used 12193K [0x00000000b9a00000, 0x00000000baf00000, 0x00000000c4000000)
  object space 21504K, 56% used [0x00000000b9a00000,0x00000000ba5e85f0,0x00000000baf00000)
GC Heap History (10 events):
Event: 7,351 GC heap after
Heap after GC invocations=4 (full 0):
 PSYoungGen      total 33280K, used 2194K [0x00000000ec000000, 0x00000000ee300000, 0x0000000100000000)
  eden space 30720K, 0% used [0x00000000ec000000,0x00000000ec000000,0x00000000ede00000)
  from space 2560K, 85% used [0x00000000ee080000,0x00000000ee2a4840,0x00000000ee300000)
  to   space 2560K, 0% used [0x00000000ede00000,0x00000000ede00000,0x00000000ee080000)
 ParOldGen       total 40960K, used 744K [0x00000000c4000000, 0x00000000c6800000, 0x00000000ec000000)
  object space 40960K, 1% used [0x00000000c4000000,0x00000000c40ba050,0x00000000c6800000)
 PSPermGen       total 21504K, used 12179K [0x00000000b9a00000, 0x00000000baf00000, 0x00000000c4000000)
  object space 21504K, 56% used [0x00000000b9a00000,0x00000000ba5e4f00,0x00000000baf00000)
}
Event: 7,518 GC heap before
{Heap before GC invocations=5 (full 0):
 PSYoungGen      total 33280K, used 32914K [0x00000000ec000000, 0x00000000ee300000, 0x0000000100000000)
  eden space 30720K, 100% used [0x00000000ec000000,0x00000000ede00000,0x00000000ede00000)
  from space 2560K, 85% used [0x00000000ee080000,0x00000000ee2a4840,0x00000000ee300000)
  to   space 2560K, 0% used [0x00000000ede00000,0x00000000ede00000,0x00000000ee080000)
 ParOldGen       total 40960K, used 744K [0x00000000c4000000, 0x00000000c6800000, 0x00000000ec000000)
  object space 40960K, 1% used [0x00000000c4000000,0x00000000c40ba050,0x00000000c6800000)
 PSPermGen       total 21504K, used 12179K [0x00000000b9a00000, 0x00000000baf00000, 0x00000000c4000000)
  object space 21504K, 56% used [0x00000000b9a00000,0x00000000ba5e4fa8,0x00000000baf00000)
Event: 7,526 GC heap after
Heap after GC invocations=5 (full 0):
 PSYoungGen      total 33280K, used 2130K [0x00000000ec000000, 0x00000000f0300000, 0x0000000100000000)
  eden space 30720K, 0% used [0x00000000ec000000,0x00000000ec000000,0x00000000ede00000)
  from space 2560K, 83% used [0x00000000ede00000,0x00000000ee014820,0x00000000ee080000)
  to   space 3584K, 0% used [0x00000000eff80000,0x00000000eff80000,0x00000000f0300000)
 ParOldGen       total 40960K, used 752K [0x00000000c4000000, 0x00000000c6800000, 0x00000000ec000000)
  object space 40960K, 1% used [0x00000000c4000000,0x00000000c40bc050,0x00000000c6800000)
 PSPermGen       total 21504K, used 12179K [0x00000000b9a00000, 0x00000000baf00000, 0x00000000c4000000)
  object space 21504K, 56% used [0x00000000b9a00000,0x00000000ba5e4fa8,0x00000000baf00000)
}
Event: 7,675 GC heap before
{Heap before GC invocations=6 (full 0):
 PSYoungGen      total 33280K, used 32850K [0x00000000ec000000, 0x00000000f0300000, 0x0000000100000000)
  eden space 30720K, 100% used [0x00000000ec000000,0x00000000ede00000,0x00000000ede00000)
  from space 2560K, 83% used [0x00000000ede00000,0x00000000ee014820,0x00000000ee080000)
  to   space 3584K, 0% used [0x00000000eff80000,0x00000000eff80000,0x00000000f0300000)
 ParOldGen       total 40960K, used 752K [0x00000000c4000000, 0x00000000c6800000, 0x00000000ec000000)
  object space 40960K, 1% used [0x00000000c4000000,0x00000000c40bc050,0x00000000c6800000)
 PSPermGen       total 21504K, used 12181K [0x00000000b9a00000, 0x00000000baf00000, 0x00000000c4000000)
  object space 21504K, 56% used [0x00000000b9a00000,0x00000000ba5e5678,0x00000000baf00000)
Event: 7,694 GC heap after
Heap after GC invocations=6 (full 0):
 PSYoungGen      total 65024K, used 2498K [0x00000000ec000000, 0x00000000f0300000, 0x0000000100000000)
  eden space 61440K, 0% used [0x00000000ec000000,0x00000000ec000000,0x00000000efc00000)
  from space 3584K, 69% used [0x00000000eff80000,0x00000000f01f0830,0x00000000f0300000)
  to   space 3584K, 0% used [0x00000000efc00000,0x00000000efc00000,0x00000000eff80000)
 ParOldGen       total 40960K, used 752K [0x00000000c4000000, 0x00000000c6800000, 0x00000000ec000000)
  object space 40960K, 1% used [0x00000000c4000000,0x00000000c40bc050,0x00000000c6800000)
 PSPermGen       total 21504K, used 12181K [0x00000000b9a00000, 0x00000000baf00000, 0x00000000c4000000)
  object space 21504K, 56% used [0x00000000b9a00000,0x00000000ba5e5678,0x00000000baf00000)
}
Event: 8,037 GC heap before
{Heap before GC invocations=7 (full 0):
 PSYoungGen      total 65024K, used 63938K [0x00000000ec000000, 0x00000000f0300000, 0x0000000100000000)
  eden space 61440K, 100% used [0x00000000ec000000,0x00000000efc00000,0x00000000efc00000)
  from space 3584K, 69% used [0x00000000eff80000,0x00000000f01f0830,0x00000000f0300000)
  to   space 3584K, 0% used [0x00000000efc00000,0x00000000efc00000,0x00000000eff80000)
 ParOldGen       total 40960K, used 752K [0x00000000c4000000, 0x00000000c6800000, 0x00000000ec000000)
  object space 40960K, 1% used [0x00000000c4000000,0x00000000c40bc050,0x00000000c6800000)
 PSPermGen       total 21504K, used 12184K [0x00000000b9a00000, 0x00000000baf00000, 0x00000000c4000000)
  object space 21504K, 56% used [0x00000000b9a00000,0x00000000ba5e6048,0x00000000baf00000)
Event: 8,045 GC heap after
Heap after GC invocations=7 (full 0):
 PSYoungGen      total 65024K, used 768K [0x00000000ec000000, 0x00000000f3f00000, 0x0000000100000000)
  eden space 61440K, 0% used [0x00000000ec000000,0x00000000ec000000,0x00000000efc00000)
  from space 3584K, 21% used [0x00000000efc00000,0x00000000efcc0000,0x00000000eff80000)
  to   space 3584K, 0% used [0x00000000f3b80000,0x00000000f3b80000,0x00000000f3f00000)
 ParOldGen       total 40960K, used 2586K [0x00000000c4000000, 0x00000000c6800000, 0x00000000ec000000)
  object space 40960K, 6% used [0x00000000c4000000,0x00000000c4286a50,0x00000000c6800000)
 PSPermGen       total 21504K, used 12184K [0x00000000b9a00000, 0x00000000baf00000, 0x00000000c4000000)
  object space 21504K, 56% used [0x00000000b9a00000,0x00000000ba5e6048,0x00000000baf00000)
}
Event: 8,333 GC heap before
{Heap before GC invocations=8 (full 0):
 PSYoungGen      total 65024K, used 62208K [0x00000000ec000000, 0x00000000f3f00000, 0x0000000100000000)
  eden space 61440K, 100% used [0x00000000ec000000,0x00000000efc00000,0x00000000efc00000)
  from space 3584K, 21% used [0x00000000efc00000,0x00000000efcc0000,0x00000000eff80000)
  to   space 3584K, 0% used [0x00000000f3b80000,0x00000000f3b80000,0x00000000f3f00000)
 ParOldGen       total 40960K, used 2586K [0x00000000c4000000, 0x00000000c6800000, 0x00000000ec000000)
  object space 40960K, 6% used [0x00000000c4000000,0x00000000c4286a50,0x00000000c6800000)
 PSPermGen       total 21504K, used 12188K [0x00000000b9a00000, 0x00000000baf00000, 0x00000000c4000000)
  object space 21504K, 56% used [0x00000000b9a00000,0x00000000ba5e7140,0x00000000baf00000)
Event: 8,335 GC heap after
Heap after GC invocations=8 (full 0):
 PSYoungGen      total 125952K, used 736K [0x00000000ec000000, 0x00000000f4000000, 0x0000000100000000)
  eden space 122368K, 0% used [0x00000000ec000000,0x00000000ec000000,0x00000000f3780000)
  from space 3584K, 20% used [0x00000000f3b80000,0x00000000f3c38000,0x00000000f3f00000)
  to   space 4096K, 0% used [0x00000000f3780000,0x00000000f3780000,0x00000000f3b80000)
 ParOldGen       total 40960K, used 2594K [0x00000000c4000000, 0x00000000c6800000, 0x00000000ec000000)
  object space 40960K, 6% used [0x00000000c4000000,0x00000000c4288a50,0x00000000c6800000)
 PSPermGen       total 21504K, used 12188K [0x00000000b9a00000, 0x00000000baf00000, 0x00000000c4000000)
  object space 21504K, 56% used [0x00000000b9a00000,0x00000000ba5e7140,0x00000000baf00000)
}
Event: 8,887 GC heap before
{Heap before GC invocations=9 (full 0):
 PSYoungGen      total 125952K, used 123104K [0x00000000ec000000, 0x00000000f4000000, 0x0000000100000000)
  eden space 122368K, 100% used [0x00000000ec000000,0x00000000f3780000,0x00000000f3780000)
  from space 3584K, 20% used [0x00000000f3b80000,0x00000000f3c38000,0x00000000f3f00000)
  to   space 4096K, 0% used [0x00000000f3780000,0x00000000f3780000,0x00000000f3b80000)
 ParOldGen       total 40960K, used 2594K [0x00000000c4000000, 0x00000000c6800000, 0x00000000ec000000)
  object space 40960K, 6% used [0x00000000c4000000,0x00000000c4288a50,0x00000000c6800000)
 PSPermGen       total 21504K, used 12193K [0x00000000b9a00000, 0x00000000baf00000, 0x00000000c4000000)
  object space 21504K, 56% used [0x00000000b9a00000,0x00000000ba5e85f0,0x00000000baf00000)

