# JRE version: OpenJDK Runtime Environment (7.0_79-b14) (build 1.7.0_79-b14)
# Java VM: OpenJDK 64-Bit Server VM (24.79-b02 mixed mode linux-amd64 compressed oops)
Heap
 PSYoungGen      total 124928K, used 64K [0x00000000ec000000, 0x00000000f3d00000, 0x0000000100000000)
  eden space 122368K, 0% used [0x00000000ec000000,0x00000000ec000000,0x00000000f3780000)
  from space 2560K, 2% used [0x00000000f3780000,0x00000000f3790000,0x00000000f3a00000)
  to   space 2048K, 0% used [0x00000000f3a00000,0x00000000f3a00000,0x00000000f3c00000)
 ParOldGen       total 40960K, used 1531K [0x00000000c4000000, 0x00000000c6800000, 0x00000000ec000000)
  object space 40960K, 3% used [0x00000000c4000000,0x00000000c417ec18,0x00000000c6800000)
 PSPermGen       total 21504K, used 12158K [0x00000000b9a00000, 0x00000000baf00000, 0x00000000c4000000)
  object space 21504K, 56% used [0x00000000b9a00000,0x00000000ba5dfb18,0x00000000baf00000)
GC Heap History (10 events):
Event: 7,009 GC heap after
Heap after GC invocations=4 (full 0):
 PSYoungGen      total 33280K, used 1538K [0x00000000ec000000, 0x00000000ee300000, 0x0000000100000000)
  eden space 30720K, 0% used [0x00000000ec000000,0x00000000ec000000,0x00000000ede00000)
  from space 2560K, 60% used [0x00000000ee080000,0x00000000ee200830,0x00000000ee300000)
  to   space 2560K, 0% used [0x00000000ede00000,0x00000000ede00000,0x00000000ee080000)
 ParOldGen       total 40960K, used 16K [0x00000000c4000000, 0x00000000c6800000, 0x00000000ec000000)
  object space 40960K, 0% used [0x00000000c4000000,0x00000000c4004000,0x00000000c6800000)
 PSPermGen       total 21504K, used 12120K [0x00000000b9a00000, 0x00000000baf00000, 0x00000000c4000000)
  object space 21504K, 56% used [0x00000000b9a00000,0x00000000ba5d61b8,0x00000000baf00000)
}
Event: 7,112 GC heap before
{Heap before GC invocations=5 (full 0):
 PSYoungGen      total 33280K, used 32258K [0x00000000ec000000, 0x00000000ee300000, 0x0000000100000000)
  eden space 30720K, 100% used [0x00000000ec000000,0x00000000ede00000,0x00000000ede00000)
  from space 2560K, 60% used [0x00000000ee080000,0x00000000ee200830,0x00000000ee300000)
  to   space 2560K, 0% used [0x00000000ede00000,0x00000000ede00000,0x00000000ee080000)
 ParOldGen       total 40960K, used 16K [0x00000000c4000000, 0x00000000c6800000, 0x00000000ec000000)
  object space 40960K, 0% used [0x00000000c4000000,0x00000000c4004000,0x00000000c6800000)
 PSPermGen       total 21504K, used 12122K [0x00000000b9a00000, 0x00000000baf00000, 0x00000000c4000000)
  object space 21504K, 56% used [0x00000000b9a00000,0x00000000ba5d6b00,0x00000000baf00000)
Event: 7,121 GC heap after
Heap after GC invocations=5 (full 0):
 PSYoungGen      total 33280K, used 1522K [0x00000000ec000000, 0x00000000f0000000, 0x0000000100000000)
  eden space 30720K, 0% used [0x00000000ec000000,0x00000000ec000000,0x00000000ede00000)
  from space 2560K, 59% used [0x00000000ede00000,0x00000000edf7c840,0x00000000ee080000)
  to   space 2048K, 0% used [0x00000000efe00000,0x00000000efe00000,0x00000000f0000000)
 ParOldGen       total 40960K, used 16K [0x00000000c4000000, 0x00000000c6800000, 0x00000000ec000000)
  object space 40960K, 0% used [0x00000000c4000000,0x00000000c4004000,0x00000000c6800000)
 PSPermGen       total 21504K, used 12122K [0x00000000b9a00000, 0x00000000baf00000, 0x00000000c4000000)
  object space 21504K, 56% used [0x00000000b9a00000,0x00000000ba5d6b00,0x00000000baf00000)
}
Event: 7,195 GC heap before
{Heap before GC invocations=6 (full 0):
 PSYoungGen      total 33280K, used 32242K [0x00000000ec000000, 0x00000000f0000000, 0x0000000100000000)
  eden space 30720K, 100% used [0x00000000ec000000,0x00000000ede00000,0x00000000ede00000)
  from space 2560K, 59% used [0x00000000ede00000,0x00000000edf7c840,0x00000000ee080000)
  to   space 2048K, 0% used [0x00000000efe00000,0x00000000efe00000,0x00000000f0000000)
 ParOldGen       total 40960K, used 16K [0x00000000c4000000, 0x00000000c6800000, 0x00000000ec000000)
  object space 40960K, 0% used [0x00000000c4000000,0x00000000c4004000,0x00000000c6800000)
 PSPermGen       total 21504K, used 12124K [0x00000000b9a00000, 0x00000000baf00000, 0x00000000c4000000)
  object space 21504K, 56% used [0x00000000b9a00000,0x00000000ba5d7368,0x00000000baf00000)
Event: 7,205 GC heap after
Heap after GC invocations=6 (full 0):
 PSYoungGen      total 63488K, used 1536K [0x00000000ec000000, 0x00000000f0000000, 0x0000000100000000)
  eden space 61440K, 0% used [0x00000000ec000000,0x00000000ec000000,0x00000000efc00000)
  from space 2048K, 75% used [0x00000000efe00000,0x00000000eff80020,0x00000000f0000000)
  to   space 2048K, 0% used [0x00000000efc00000,0x00000000efc00000,0x00000000efe00000)
 ParOldGen       total 40960K, used 24K [0x00000000c4000000, 0x00000000c6800000, 0x00000000ec000000)
  object space 40960K, 0% used [0x00000000c4000000,0x00000000c4006000,0x00000000c6800000)
 PSPermGen       total 21504K, used 12124K [0x00000000b9a00000, 0x00000000baf00000, 0x00000000c4000000)
  object space 21504K, 56% used [0x00000000b9a00000,0x00000000ba5d7368,0x00000000baf00000)
}
Event: 7,416 GC heap before
{Heap before GC invocations=7 (full 0):
 PSYoungGen      total 63488K, used 62976K [0x00000000ec000000, 0x00000000f0000000, 0x0000000100000000)
  eden space 61440K, 100% used [0x00000000ec000000,0x00000000efc00000,0x00000000efc00000)
  from space 2048K, 75% used [0x00000000efe00000,0x00000000eff80020,0x00000000f0000000)
  to   space 2048K, 0% used [0x00000000efc00000,0x00000000efc00000,0x00000000efe00000)
 ParOldGen       total 40960K, used 24K [0x00000000c4000000, 0x00000000c6800000, 0x00000000ec000000)
  object space 40960K, 0% used [0x00000000c4000000,0x00000000c4006000,0x00000000c6800000)
 PSPermGen       total 21504K, used 12137K [0x00000000b9a00000, 0x00000000baf00000, 0x00000000c4000000)
  object space 21504K, 56% used [0x00000000b9a00000,0x00000000ba5da608,0x00000000baf00000)
Event: 7,420 GC heap after
Heap after GC invocations=7 (full 0):
 PSYoungGen      total 63488K, used 96K [0x00000000ec000000, 0x00000000f3c00000, 0x0000000100000000)
  eden space 61440K, 0% used [0x00000000ec000000,0x00000000ec000000,0x00000000efc00000)
  from space 2048K, 4% used [0x00000000efc00000,0x00000000efc18000,0x00000000efe00000)
  to   space 2048K, 0% used [0x00000000f3a00000,0x00000000f3a00000,0x00000000f3c00000)
 ParOldGen       total 40960K, used 1515K [0x00000000c4000000, 0x00000000c6800000, 0x00000000ec000000)
  object space 40960K, 3% used [0x00000000c4000000,0x00000000c417ac18,0x00000000c6800000)
 PSPermGen       total 21504K, used 12137K [0x00000000b9a00000, 0x00000000baf00000, 0x00000000c4000000)
  object space 21504K, 56% used [0x00000000b9a00000,0x00000000ba5da608,0x00000000baf00000)
}
Event: 7,616 GC heap before
{Heap before GC invocations=8 (full 0):
 PSYoungGen      total 63488K, used 61536K [0x00000000ec000000, 0x00000000f3c00000, 0x0000000100000000)
  eden space 61440K, 100% used [0x00000000ec000000,0x00000000efc00000,0x00000000efc00000)
  from space 2048K, 4% used [0x00000000efc00000,0x00000000efc18000,0x00000000efe00000)
  to   space 2048K, 0% used [0x00000000f3a00000,0x00000000f3a00000,0x00000000f3c00000)
 ParOldGen       total 40960K, used 1515K [0x00000000c4000000, 0x00000000c6800000, 0x00000000ec000000)
  object space 40960K, 3% used [0x00000000c4000000,0x00000000c417ac18,0x00000000c6800000)
 PSPermGen       total 21504K, used 12142K [0x00000000b9a00000, 0x00000000baf00000, 0x00000000c4000000)
  object space 21504K, 56% used [0x00000000b9a00000,0x00000000ba5dbba0,0x00000000baf00000)
Event: 7,617 GC heap after
Heap after GC invocations=8 (full 0):
 PSYoungGen      total 124416K, used 32K [0x00000000ec000000, 0x00000000f3d00000, 0x0000000100000000)
  eden space 122368K, 0% used [0x00000000ec000000,0x00000000ec000000,0x00000000f3780000)
  from space 2048K, 1% used [0x00000000f3a00000,0x00000000f3a08000,0x00000000f3c00000)
  to   space 2560K, 0% used [0x00000000f3780000,0x00000000f3780000,0x00000000f3a00000)
 ParOldGen       total 40960K, used 1523K [0x00000000c4000000, 0x00000000c6800000, 0x00000000ec000000)
  object space 40960K, 3% used [0x00000000c4000000,0x00000000c417cc18,0x00000000c6800000)
 PSPermGen       total 21504K, used 12142K [0x00000000b9a00000, 0x00000000baf00000, 0x00000000c4000000)
  object space 21504K, 56% used [0x00000000b9a00000,0x00000000ba5dbba0,0x00000000baf00000)
}
Event: 8,072 GC heap before
{Heap before GC invocations=9 (full 0):
 PSYoungGen      total 124416K, used 122400K [0x00000000ec000000, 0x00000000f3d00000, 0x0000000100000000)
  eden space 122368K, 100% used [0x00000000ec000000,0x00000000f3780000,0x00000000f3780000)
  from space 2048K, 1% used [0x00000000f3a00000,0x00000000f3a08000,0x00000000f3c00000)
  to   space 2560K, 0% used [0x00000000f3780000,0x00000000f3780000,0x00000000f3a00000)
 ParOldGen       total 40960K, used 1523K [0x00000000c4000000, 0x00000000c6800000, 0x00000000ec000000)
  object space 40960K, 3% used [0x00000000c4000000,0x00000000c417cc18,0x00000000c6800000)
 PSPermGen       total 21504K, used 12158K [0x00000000b9a00000, 0x00000000baf00000, 0x00000000c4000000)
  object space 21504K, 56% used [0x00000000b9a00000,0x00000000ba5dfb18,0x00000000baf00000)

